c:\users\student\desktop\gamefinal\gamefinal\debug\vc141.pdb
c:\users\student\desktop\gamefinal\gamefinal\debug\vc141.idb
c:\users\student\desktop\gamefinal\gamefinal\debug\window.obj
c:\users\student\desktop\gamefinal\gamefinal\debug\timer.obj
c:\users\student\desktop\gamefinal\gamefinal\debug\player.obj
c:\users\student\desktop\gamefinal\gamefinal\debug\menu.obj
c:\users\student\desktop\gamefinal\gamefinal\debug\gamefinal.obj
c:\users\student\desktop\gamefinal\gamefinal\debug\enemy.obj
c:\users\student\desktop\gamefinal\gamefinal\debug\collision.obj
c:\users\student\desktop\gamefinal\gamefinal\debug\vector.obj
c:\users\student\desktop\gamefinal\debug\gamefinal.exe
c:\users\student\desktop\gamefinal\debug\gamefinal.ilk
c:\users\student\desktop\gamefinal\debug\gamefinal.pdb
c:\users\carbo.desktop-j6j0957\desktop\uni work\gamefinal\gamefinal\debug\collision.obj
c:\users\carbo.desktop-j6j0957\desktop\uni work\gamefinal\gamefinal\debug\enemy.obj
c:\users\carbo.desktop-j6j0957\desktop\uni work\gamefinal\gamefinal\debug\gamefinal.obj
c:\users\carbo.desktop-j6j0957\desktop\uni work\gamefinal\gamefinal\debug\menu.obj
c:\users\carbo.desktop-j6j0957\desktop\uni work\gamefinal\gamefinal\debug\player.obj
c:\users\carbo.desktop-j6j0957\desktop\uni work\gamefinal\gamefinal\debug\timer.obj
c:\users\carbo.desktop-j6j0957\desktop\uni work\gamefinal\gamefinal\debug\vector.obj
c:\users\carbo.desktop-j6j0957\desktop\uni work\gamefinal\gamefinal\debug\window.obj
c:\users\carbo.desktop-j6j0957\desktop\uni work\gamefinal\gamefinal\debug\vc141.idb
c:\users\carbo.desktop-j6j0957\desktop\uni work\gamefinal\gamefinal\debug\vc141.pdb
c:\users\carbo.desktop-j6j0957\desktop\uni work\gamefinal\debug\gamefinal.pdb
c:\users\carbo.desktop-j6j0957\desktop\uni work\gamefinal\debug\gamefinal.exe
c:\users\carbo.desktop-j6j0957\desktop\uni work\gamefinal\debug\gamefinal.ilk
c:\users\carbo.desktop-j6j0957\desktop\uni work\gamefinal\gamefinal\debug\gamefinal.tlog\cl.command.1.tlog
c:\users\carbo.desktop-j6j0957\desktop\uni work\gamefinal\gamefinal\debug\gamefinal.tlog\cl.read.1.tlog
c:\users\carbo.desktop-j6j0957\desktop\uni work\gamefinal\gamefinal\debug\gamefinal.tlog\cl.write.1.tlog
c:\users\carbo.desktop-j6j0957\desktop\uni work\gamefinal\gamefinal\debug\gamefinal.tlog\link.command.1.tlog
c:\users\carbo.desktop-j6j0957\desktop\uni work\gamefinal\gamefinal\debug\gamefinal.tlog\link.read.1.tlog
c:\users\carbo.desktop-j6j0957\desktop\uni work\gamefinal\gamefinal\debug\gamefinal.tlog\link.write.1.tlog
